E:\Visual Studio\MSBuild\Microsoft\VC\v170\Microsoft.CppBuild.targets(1119,5): warning MSB8027: 名为 lib.cpp 的两个或更多文件将生成到同一位置的输出。这会导致错误的生成结果。   调用的文件是 problem2\lib.cpp, problem3\lib.cpp。
  WildcardMatch.cpp
C:\Users\ASUS\Desktop\Coding C++\assignment4_231119\problem1\WildcardMatch.cpp(41,8): error C2065: “not”: 未声明的标识符
C:\Users\ASUS\Desktop\Coding C++\assignment4_231119\problem1\WildcardMatch.cpp(41,12): error C2146: 语法错误: 缺少“)”(在标识符“boo”的前面)
C:\Users\ASUS\Desktop\Coding C++\assignment4_231119\problem1\WildcardMatch.cpp(41,15): error C2059: 语法错误:“)”
C:\Users\ASUS\Desktop\Coding C++\assignment4_231119\problem1\WildcardMatch.cpp(43,30): error C2059: 语法错误:“;”
C:\Users\ASUS\Desktop\Coding C++\assignment4_231119\problem1\WildcardMatch.cpp(45,4): error C2181: 没有匹配 if 的非法 else 
C:\Users\ASUS\Desktop\Coding C++\assignment4_231119\problem1\WildcardMatch.cpp(52,2): error C2059: 语法错误:“if”
C:\Users\ASUS\Desktop\Coding C++\assignment4_231119\problem1\WildcardMatch.cpp(53,2): error C2143: 语法错误: 缺少“;”(在“{”的前面)
C:\Users\ASUS\Desktop\Coding C++\assignment4_231119\problem1\WildcardMatch.cpp(53,2): error C2447: “{”: 缺少函数标题(是否是老式的形式表?)
C:\Users\ASUS\Desktop\Coding C++\assignment4_231119\problem1\WildcardMatch.cpp(125,2): error C2059: 语法错误:“if”
C:\Users\ASUS\Desktop\Coding C++\assignment4_231119\problem1\WildcardMatch.cpp(126,2): error C2143: 语法错误: 缺少“;”(在“{”的前面)
C:\Users\ASUS\Desktop\Coding C++\assignment4_231119\problem1\WildcardMatch.cpp(126,2): error C2447: “{”: 缺少函数标题(是否是老式的形式表?)
C:\Users\ASUS\Desktop\Coding C++\assignment4_231119\problem1\WildcardMatch.cpp(163,2): error C2059: 语法错误:“return”
C:\Users\ASUS\Desktop\Coding C++\assignment4_231119\problem1\WildcardMatch.cpp(164,1): error C2059: 语法错误:“}”
C:\Users\ASUS\Desktop\Coding C++\assignment4_231119\problem1\WildcardMatch.cpp(164,1): error C2143: 语法错误: 缺少“;”(在“}”的前面)
C:\Users\ASUS\Desktop\Coding C++\assignment4_231119\problem1\WildcardMatch.cpp(168,1): error C2143: 语法错误: 缺少“;”(在“{”的前面)
C:\Users\ASUS\Desktop\Coding C++\assignment4_231119\problem1\WildcardMatch.cpp(168,1): error C2447: “{”: 缺少函数标题(是否是老式的形式表?)
  buffer.cpp
  lib.cpp
C:\Users\ASUS\Desktop\Coding C++\assignment4_231119\problem2\lib.cpp(58,16): warning C4267: “初始化”: 从“size_t”转换到“int”，可能丢失数据
C:\Users\ASUS\Desktop\Coding C++\assignment4_231119\problem2\lib.cpp(68,12): warning C4267: “初始化”: 从“size_t”转换到“int”，可能丢失数据
C:\Users\ASUS\Desktop\Coding C++\assignment4_231119\problem2\lib.cpp(102,10): warning C4267: “初始化”: 从“size_t”转换到“int”，可能丢失数据
  SimpleTextEditor.cpp
  lib.cpp
C:\Users\ASUS\Desktop\Coding C++\assignment4_231119\problem3\lib.cpp(58,16): warning C4267: “初始化”: 从“size_t”转换到“int”，可能丢失数据
C:\Users\ASUS\Desktop\Coding C++\assignment4_231119\problem3\lib.cpp(68,12): warning C4267: “初始化”: 从“size_t”转换到“int”，可能丢失数据
C:\Users\ASUS\Desktop\Coding C++\assignment4_231119\problem3\lib.cpp(102,10): warning C4267: “初始化”: 从“size_t”转换到“int”，可能丢失数据
  PriorityQueue.cpp
C:\Users\ASUS\Desktop\Coding C++\assignment4_231119\problem3\lib.cpp(58,16): warning C4267: “初始化”: 从“size_t”转换到“int”，可能丢失数据
  (编译源文件“problem3/PriorityQueue.cpp”)
  
C:\Users\ASUS\Desktop\Coding C++\assignment4_231119\problem3\lib.cpp(68,12): warning C4267: “初始化”: 从“size_t”转换到“int”，可能丢失数据
  (编译源文件“problem3/PriorityQueue.cpp”)
  
C:\Users\ASUS\Desktop\Coding C++\assignment4_231119\problem3\lib.cpp(102,10): warning C4267: “初始化”: 从“size_t”转换到“int”，可能丢失数据
  (编译源文件“problem3/PriorityQueue.cpp”)
  
C:\Users\ASUS\Desktop\Coding C++\assignment4_231119\problem3\PriorityQueue.cpp(223,14): warning C4267: “初始化”: 从“size_t”转换到“int”，可能丢失数据
  正在生成代码...
